05/06/2017 13:53:16 Classe Cliente; Método salvar; Mysql Duplicate entry '474.268.450-87' for key 'PRIMARY'
07/06/2017 16:47:20 Classe Tabelas; Método excluir; Mysql Cannot delete or update a parent row: a foreign key constraint fails (`gauchacred`.`subtabelas`, CONSTRAINT `fk_subtabelas_tabelas1` FOREIGN KEY (`tabelas_id`) REFERENCES `tabelas` (`id`) ON UPDATE CASCADE)
08/06/2017 10:31:56 Classe LojaPontos; Método salvar; Mysql Column 'linkimagem' cannot be null
08/06/2017 14:53:35 Classe PontoTroca; Método salvar; Mysql Duplicate entry '1-4343' for key 'usuarios_id_UNIQUE'
08/06/2017 17:12:12 Classe Cliente; Método salvar; Mysql Duplicate entry '888.556.436-49' for key 'PRIMARY'
09/06/2017 09:51:31 Classe PontoTroca; Método salvar; Mysql Duplicate entry '1-4357' for key 'usuarios_id_UNIQUE'
09/06/2017 10:24:39 Classe Cliente; Método salvar - insert into telefones; Mysql Duplicate entry '142.811.390-87-(55)9968-60140' for key 'clientes_cpf_cnpj_UNIQUE'
09/06/2017 10:24:56 Classe Cliente; Método salvar - insert into telefones; Mysql Duplicate entry '142.811.390-87-(55)9968-60140' for key 'clientes_cpf_cnpj_UNIQUE'
09/06/2017 10:25:47 Classe Cliente; Método salvar - insert into telefones; Mysql Duplicate entry '142.811.390-87-(55)9968-60140' for key 'clientes_cpf_cnpj_UNIQUE'
09/06/2017 10:26:00 Classe Cliente; Método salvar - insert into telefones; Mysql Duplicate entry '142.811.390-87-(55)9968-60140' for key 'clientes_cpf_cnpj_UNIQUE'
09/06/2017 10:26:26 Classe Cliente; Método salvar - insert into telefones; Mysql Duplicate entry '142.811.390-87-(55)9968-60140' for key 'clientes_cpf_cnpj_UNIQUE'
09/06/2017 10:26:44 Classe Cliente; Método salvar - insert into telefones; Mysql Duplicate entry '142.811.390-87-(55)9968-60140' for key 'clientes_cpf_cnpj_UNIQUE'
09/06/2017 10:26:55 Classe Cliente; Método salvar - insert into telefones; Mysql Duplicate entry '142.811.390-87-(55)9968-60140' for key 'clientes_cpf_cnpj_UNIQUE'
09/06/2017 10:54:36 Classe PontoTroca; Método salvar; Mysql Duplicate entry '1-4357' for key 'usuarios_id_UNIQUE'
09/06/2017 13:31:25 Classe PontoTroca; Método salvar; Mysql Duplicate entry '16-4350' for key 'usuarios_id_UNIQUE'
09/06/2017 18:23:55 Classe Telemarketing; Método salvarCliente - INSERT TELEFONE NUMERO 8233442089; Mysql Duplicate entry '8233442089-5287' for key 'telefone_UNIQUE'
09/06/2017 18:37:22 Classe Telemarketing; Método salvarCliente - INSERT TELEFONE NUMERO 6232566233 DA UNIDADE DELA ; Mysql Data too long for column 'telefone' at row 1
09/06/2017 18:56:05 Classe Telemarketing; Método salvarCliente - INSERT TELEFONE NUMERO 9632226395 UMA CRIANÇA ATEND; Mysql Data too long for column 'telefone' at row 1
09/06/2017 18:56:31 Classe Telemarketing; Método salvarCliente - INSERT TELEFONE AGENDA; Mysql Data too long for column 'numero' at row 2
09/06/2017 19:18:07 Envio de E-mail no troca pontos; SMTP connect() failed. https://github.com/PHPMailer/PHPMailer/wiki/Troubleshooting
13/06/2017 10:31:51 Classe Cliente; Método salvar - insert into telefones; Mysql Duplicate entry '772.078.900-87-(55)9964-73106' for key 'clientes_cpf_cnpj_UNIQUE'
13/06/2017 10:31:55 Classe Cliente; Método salvar - insert into telefones; Mysql Duplicate entry '772.078.900-87-(55)9964-73106' for key 'clientes_cpf_cnpj_UNIQUE'
14/06/2017 10:53:47 Classe Telemarketing; Método salvarCliente - INSERT TELEFONE NUMERO 55) 3307-2249; Mysql Duplicate entry '55) 3307-2249-20738' for key 'telefone_UNIQUE'
14/06/2017 11:50:34 Classe Telemarketing; Método salvarCliente - INSERT TELEFONE NUMERO 55984028463; Mysql Duplicate entry '55984028463-20749' for key 'telefone_UNIQUE'
14/06/2017 14:54:39 Classe Cliente; Método salvar; Mysql Duplicate entry '124.895.650-87' for key 'PRIMARY'
14/06/2017 15:33:30 Classe Cliente; Método salvar; Mysql Duplicate entry '001.621.770-54' for key 'PRIMARY'
14/06/2017 20:47:55 Classe Cliente; Método salvar; Mysql Duplicate entry '608.345.951-68' for key 'PRIMARY'
14/06/2017 20:47:55 Classe Cliente; Método salvar; Mysql Duplicate entry '608.345.951-68' for key 'PRIMARY'
14/06/2017 20:47:55 Classe Cliente; Método salvar; Mysql Duplicate entry '608.345.951-68' for key 'PRIMARY'
14/06/2017 20:47:55 Classe Cliente; Método salvar; Mysql Duplicate entry '608.345.951-68' for key 'PRIMARY'
14/06/2017 20:47:55 Classe Cliente; Método salvar; Mysql Duplicate entry '608.345.951-68' for key 'PRIMARY'
14/06/2017 20:47:55 Classe Cliente; Método salvar; Mysql Duplicate entry '608.345.951-68' for key 'PRIMARY'
14/06/2017 20:47:55 Classe Cliente; Método salvar; Mysql Duplicate entry '608.345.951-68' for key 'PRIMARY'
16/06/2017 13:17:33 Classe Cliente; Método salvar; Mysql Duplicate entry '213.640.010-04' for key 'PRIMARY'
16/06/2017 15:51:03 Classe Telemarketing; Método salvarCliente - INSERT TELEFONE NUMERO 79991358687; Mysql Duplicate entry '79991358687-5319' for key 'telefone_UNIQUE'
16/06/2017 15:51:03 Classe Telemarketing; Método salvarCliente - INSERT TELEFONE NUMERO 79991316823; Mysql Duplicate entry '79991316823-5319' for key 'telefone_UNIQUE'
16/06/2017 15:51:03 Classe Telemarketing; Método salvarCliente - INSERT TELEFONE NUMERO 7932233183; Mysql Duplicate entry '7932233183-5319' for key 'telefone_UNIQUE'
16/06/2017 17:23:53 Classe Cliente; Método salvar - insert into telefones; Mysql Duplicate entry '018.602.417-78-(21)9845-36413' for key 'clientes_cpf_cnpj_UNIQUE'
16/06/2017 17:23:53 Classe Cliente; Método salvar - insert into telefones; Mysql Duplicate entry '018.602.417-78-(21)9845-36413' for key 'clientes_cpf_cnpj_UNIQUE'
16/06/2017 17:24:13 Classe Cliente; Método salvar - insert into telefones; Mysql Duplicate entry '018.602.417-78-(21)9845-36413' for key 'clientes_cpf_cnpj_UNIQUE'
19/06/2017 15:58:41 Classe Telemarketing; Método salvarCliente - INSERT TELEFONE NUMERO 6134830465; Mysql Duplicate entry '6134830465-5324' for key 'telefone_UNIQUE'
19/06/2017 16:51:29 Classe Cliente; Método salvar; Mysql Duplicate entry '033.624.502-53' for key 'PRIMARY'
19/06/2017 16:51:35 Classe Cliente; Método salvar; Mysql Duplicate entry '033.624.502-53' for key 'PRIMARY'
20/06/2017 12:05:44 Classe Telemarketing; Método salvarCliente - INSERT TELEFONE NUMERO 9641411955; Mysql Duplicate entry '9641411955-5330' for key 'telefone_UNIQUE'
20/06/2017 13:53:20 Classe Contrato; Método inserir - inserir contrato; Mysql Incorrect integer value: '' for column 'tipoconvenio_id' at row 1
20/06/2017 15:31:30 Classe Contrato; Método inserir - inserir contrato; Mysql You have an error in your SQL syntax; check the manual that corresponds to your MariaDB server version for the right syntax to use near 'AREIA',
                                'RS',
                                ' at line 18
20/06/2017 15:31:35 Classe Contrato; Método inserir - inserir contrato; Mysql You have an error in your SQL syntax; check the manual that corresponds to your MariaDB server version for the right syntax to use near 'AREIA',
                                'RS',
                                ' at line 18
20/06/2017 15:31:41 Classe Contrato; Método inserir - inserir contrato; Mysql You have an error in your SQL syntax; check the manual that corresponds to your MariaDB server version for the right syntax to use near 'AREIA',
                                'RS',
                                ' at line 18
20/06/2017 15:33:12 Classe Contrato; Método inserir - inserir contrato; Mysql You have an error in your SQL syntax; check the manual that corresponds to your MariaDB server version for the right syntax to use near 'AREIA',
                                'RS',
                                ' at line 18
21/06/2017 16:02:30 Envio de E-mail no troca pontos; SMTP connect() failed. https://github.com/PHPMailer/PHPMailer/wiki/Troubleshooting
21/06/2017 16:15:01 Classe Contrato; Método inserir - inserir contrato; Mysql You have an error in your SQL syntax; check the manual that corresponds to your MariaDB server version for the right syntax to use near '
                                458.3,
                                6100,' at line 36
21/06/2017 16:35:13 Classe Contrato; Método atualizar - atualizar contrato; Mysql You have an error in your SQL syntax; check the manual that corresponds to your MariaDB server version for the right syntax to use near ' valorparcela = 458.3,
            valortotal = 6100, valorliquido = 6100, perc' at line 4
21/06/2017 16:35:33 Classe Contrato; Método atualizar - atualizar contrato; Mysql You have an error in your SQL syntax; check the manual that corresponds to your MariaDB server version for the right syntax to use near ' valorparcela = 458.3,
            valortotal = 6100, valorliquido = 6100, perc' at line 4
21/06/2017 16:35:53 Classe Contrato; Método atualizar - atualizar contrato; Mysql You have an error in your SQL syntax; check the manual that corresponds to your MariaDB server version for the right syntax to use near ' valorparcela = 458.3,
            valortotal = 6100, valorliquido = 6100, perc' at line 4
28/06/2017 13:48:07 Classe Cliente; Método salvar; Mysql Duplicate entry '061.892.291-15' for key 'PRIMARY'
28/06/2017 13:52:05 Classe Cliente; Método salvar; Mysql Duplicate entry '181.503.492-00' for key 'PRIMARY'
28/06/2017 15:13:38 Classe Contrato; Método inserir - inserir contrato; Mysql You have an error in your SQL syntax; check the manual that corresponds to your MariaDB server version for the right syntax to use near '
                                ' JOAO RAIMUNDO DE ARAUJO',
                 ' at line 12
28/06/2017 15:44:28 Classe Contrato; Método atualizar - atualizar contrato; Mysql You have an error in your SQL syntax; check the manual that corresponds to your MariaDB server version for the right syntax to use near ' valorparcela = 565.94,
            valortotal = 14408.83, valorliquido = 4579.' at line 4
29/06/2017 09:50:49 Classe Contrato; Método inserir - inserir contrato; Mysql Incorrect integer value: '' for column 'tipoconvenio_id' at row 1
29/06/2017 09:51:27 Classe Contrato; Método inserir - inserir contrato; Mysql Incorrect integer value: '' for column 'tipoconvenio_id' at row 1
29/06/2017 11:36:53 Classe Telemarketing; Método salvarCliente - INSERT TELEFONE AGENDA; Mysql Data too long for column 'numero' at row 2
29/06/2017 11:54:26 Classe Telemarketing; Método salvarCliente - INSERT TELEFONE AGENDA; Mysql Data too long for column 'numero' at row 2
29/06/2017 16:21:09 Classe Agenda; Método salvar; Mysql Column 'dataligacao' cannot be null
30/06/2017 13:44:16 Classe Cliente; Método salvar; Mysql Duplicate entry '645.705.760-87' for key 'PRIMARY'
01/07/2017 14:40:06 Classe Tabelas; Método excluir; Mysql Cannot delete or update a parent row: a foreign key constraint fails (`gauchacred`.`subtabelas`, CONSTRAINT `fk_subtabelas_tabelas1` FOREIGN KEY (`tabelas_id`) REFERENCES `tabelas` (`id`) ON UPDATE CASCADE)
01/07/2017 17:09:19 Classe Subtabelas; Método excluir - query subtabelas; Mysql Cannot delete or update a parent row: a foreign key constraint fails (`gauchacred`.`contratos`, CONSTRAINT `fk_contratos_subtabelas1` FOREIGN KEY (`subtabelas_id`) REFERENCES `subtabelas` (`id`) ON UPDATE CASCADE)
01/07/2017 17:09:30 Classe Subtabelas; Método excluir - query subtabelas; Mysql Cannot delete or update a parent row: a foreign key constraint fails (`gauchacred`.`contratos`, CONSTRAINT `fk_contratos_subtabelas1` FOREIGN KEY (`subtabelas_id`) REFERENCES `subtabelas` (`id`) ON UPDATE CASCADE)
03/07/2017 13:34:21 Classe Telemarketing; Método salvarCliente - INSERT TELEFONE AGENDA; Mysql Data too long for column 'numero' at row 2
05/07/2017 10:46:47 Classe Cliente; Método salvar; Mysql Duplicate entry '065.055.030-72' for key 'PRIMARY'
05/07/2017 14:18:45 Classe Cliente; Método salvar; Mysql Duplicate entry '110.766.747-04' for key 'PRIMARY'
05/07/2017 14:18:46 Classe Cliente; Método salvar; Mysql Duplicate entry '110.766.747-04' for key 'PRIMARY'
05/07/2017 14:18:46 Classe Cliente; Método salvar; Mysql Duplicate entry '110.766.747-04' for key 'PRIMARY'
05/07/2017 14:18:46 Classe Cliente; Método salvar; Mysql Duplicate entry '110.766.747-04' for key 'PRIMARY'
05/07/2017 14:18:46 Classe Cliente; Método salvar; Mysql Duplicate entry '110.766.747-04' for key 'PRIMARY'
05/07/2017 14:18:46 Classe Cliente; Método salvar; Mysql Duplicate entry '110.766.747-04' for key 'PRIMARY'
05/07/2017 14:18:46 Classe Cliente; Método salvar; Mysql Duplicate entry '110.766.747-04' for key 'PRIMARY'
05/07/2017 14:18:46 Classe Cliente; Método salvar; Mysql Duplicate entry '110.766.747-04' for key 'PRIMARY'
05/07/2017 14:18:46 Classe Cliente; Método salvar; Mysql Duplicate entry '110.766.747-04' for key 'PRIMARY'
05/07/2017 14:18:46 Classe Cliente; Método salvar; Mysql Duplicate entry '110.766.747-04' for key 'PRIMARY'
05/07/2017 14:18:46 Classe Cliente; Método salvar; Mysql Duplicate entry '110.766.747-04' for key 'PRIMARY'
05/07/2017 14:18:46 Classe Cliente; Método salvar; Mysql Duplicate entry '110.766.747-04' for key 'PRIMARY'
05/07/2017 14:18:47 Classe Cliente; Método salvar; Mysql Duplicate entry '110.766.747-04' for key 'PRIMARY'
05/07/2017 14:18:47 Classe Cliente; Método salvar; Mysql Duplicate entry '110.766.747-04' for key 'PRIMARY'
05/07/2017 14:18:49 Classe Cliente; Método salvar; Mysql Duplicate entry '110.766.747-04' for key 'PRIMARY'
05/07/2017 14:18:50 Classe Cliente; Método salvar; Mysql Duplicate entry '110.766.747-04' for key 'PRIMARY'
05/07/2017 14:18:50 Classe Cliente; Método salvar; Mysql Duplicate entry '110.766.747-04' for key 'PRIMARY'
06/07/2017 14:24:48 Classe Cliente; Método salvar; Mysql Duplicate entry '342.140.498-45' for key 'PRIMARY'
07/07/2017 17:33:09 Classe Agenda; Método salvar; Mysql Column 'dataligacao' cannot be null
07/07/2017 17:45:19 Classe Usuario; Método salvar; Mysql Duplicate entry '333.333.333-33' for key 'cpf_UNIQUE'
08/07/2017 10:33:19 Classe Cliente; Método salvar; Mysql Duplicate entry '586.382.290-20' for key 'PRIMARY'
10/07/2017 14:18:39 Classe Cliente; Método salvar; Mysql Duplicate entry '085.646.136-97' for key 'PRIMARY'
10/07/2017 16:09:36 Classe Contrato; Método atualizar - atualizar contrato; Mysql You have an error in your SQL syntax; check the manual that corresponds to your MariaDB server version for the right syntax to use near ' valorparcela = 362.58,
            valortotal = 9747.58, valorliquido = 3172.5' at line 4
11/07/2017 11:15:11 Classe Telemarketing; Método salvarCliente - INSERT TELEFONE AGENDA; Mysql Data too long for column 'numero' at row 2
11/07/2017 11:33:57 Classe Telemarketing; Método salvarCliente - INSERT TELEFONE AGENDA; Mysql Data too long for column 'numero' at row 1
13/07/2017 09:01:13 Classe Adiantamento; Método salvar; Mysql Column 'encerrado' cannot be null
13/07/2017 09:06:29 Classe Desconto; Método salvarRelatorio - inserir desconto; Mysql Field 'nomearquivo' doesn't have a default value
13/07/2017 09:06:44 Classe Desconto; Método salvarRelatorio - inserir desconto; Mysql Field 'nomearquivo' doesn't have a default value
13/07/2017 09:07:30 Classe Desconto; Método salvarRelatorio - inserir desconto; Mysql Field 'nomearquivo' doesn't have a default value
13/07/2017 09:09:42 Classe Desconto; Método salvarRelatorio - listar descontos Mysql 
13/07/2017 09:09:42 Classe Desconto; Método salvarRelatorio - inserir desconto; Mysql Field 'nomearquivo' doesn't have a default value
13/07/2017 12:08:19 Classe Agenda; Método salvar; Mysql Column 'dataligacao' cannot be null
13/07/2017 13:54:29 Classe Agenda; Método salvar; Mysql Column 'dataligacao' cannot be null
13/07/2017 14:36:38 Classe Desconto; Método salvarRelatorio - listar descontos Mysql 
13/07/2017 14:36:38 Classe Desconto; Método salvarRelatorio - inserir desconto; Mysql Field 'nomearquivo' doesn't have a default value
13/07/2017 14:37:36 Classe Desconto; Método salvarRelatorio - listar descontos Mysql 
13/07/2017 14:37:36 Classe Desconto; Método salvarRelatorio - inserir desconto; Mysql Field 'nomearquivo' doesn't have a default value
13/07/2017 16:01:34 Classe Contrato; Método atualizar - atualizar contrato; Mysql You have an error in your SQL syntax; check the manual that corresponds to your MariaDB server version for the right syntax to use near ' valorparcela = 336.5,
            valortotal = 4400, valorliquido = 4400, perc' at line 4
13/07/2017 16:01:43 Classe Contrato; Método atualizar - atualizar contrato; Mysql You have an error in your SQL syntax; check the manual that corresponds to your MariaDB server version for the right syntax to use near ' valorparcela = 336.5,
            valortotal = 4400, valorliquido = 4400, perc' at line 4
14/07/2017 11:12:12 Classe Telemarketing; Método salvarCliente - INSERT TELEFONE AGENDA; Mysql Data too long for column 'numero' at row 1
14/07/2017 11:17:47 Classe Telemarketing; Método salvarCliente - INSERT TELEFONE AGENDA; Mysql Data too long for column 'numero' at row 1
14/07/2017 11:18:11 Classe Telemarketing; Método salvarCliente - INSERT TELEFONE AGENDA; Mysql Data too long for column 'numero' at row 1
14/07/2017 13:55:16 Classe Cliente; Método salvar; Mysql Duplicate entry '005.567.500-04' for key 'PRIMARY'
14/07/2017 15:32:48 Classe Contrato; Método inserir - inserir contrato; Mysql You have an error in your SQL syntax; check the manual that corresponds to your MariaDB server version for the right syntax to use near 'AREIA',
                                'RS',
                                ' at line 18
14/07/2017 15:33:18 Classe Contrato; Método inserir - inserir contrato; Mysql You have an error in your SQL syntax; check the manual that corresponds to your MariaDB server version for the right syntax to use near 'AREIA',
                                'RS',
                                ' at line 18
14/07/2017 15:49:48 Classe Desconto; Método salvarRelatorio - listar descontos Mysql 
14/07/2017 15:49:48 Classe Desconto; Método salvarRelatorio - inserir desconto; Mysql Field 'nomearquivo' doesn't have a default value
14/07/2017 15:51:06 Classe Adiantamento; Método salvar; Mysql Incorrect integer value: 'null' for column 'qtdparccelas' at row 1
14/07/2017 15:52:24 Classe Adiantamento; Método salvar; Mysql Incorrect integer value: 'null' for column 'qtdparccelas' at row 1
14/07/2017 15:52:35 Classe Adiantamento; Método salvar; Mysql Incorrect integer value: 'null' for column 'qtdparccelas' at row 1
14/07/2017 15:52:38 Classe Adiantamento; Método salvar; Mysql Incorrect integer value: 'null' for column 'qtdparccelas' at row 1
14/07/2017 15:52:42 Classe Adiantamento; Método salvar; Mysql Column 'encerrado' cannot be null
14/07/2017 17:06:15 Classe Adiantamento; Método salvar; Mysql Incorrect integer value: 'null' for column 'qtdparccelas' at row 1
14/07/2017 17:07:26 Classe Adiantamento; Método salvar; Mysql Incorrect integer value: 'null' for column 'qtdparccelas' at row 1
14/07/2017 17:09:08 Classe Adiantamento; Método salvar; Mysql Column 'encerrado' cannot be null
14/07/2017 17:09:09 Classe Adiantamento; Método salvar; Mysql Column 'encerrado' cannot be null
14/07/2017 17:13:39 Classe Desconto; Método salvarRelatorio - listar descontos Mysql 
14/07/2017 17:13:39 Classe Desconto; Método salvarRelatorio - inserir desconto; Mysql Field 'nomearquivo' doesn't have a default value
14/07/2017 17:14:00 Classe Desconto; Método salvarRelatorio - listar descontos Mysql 
14/07/2017 17:14:00 Classe Desconto; Método salvarRelatorio - inserir desconto; Mysql Field 'nomearquivo' doesn't have a default value
14/07/2017 18:42:01 Classe Agenda; Método salvar; Mysql Column 'dataligacao' cannot be null
14/07/2017 18:42:06 Classe Agenda; Método salvar; Mysql Column 'dataligacao' cannot be null
16/07/2017 16:30:41 Classe Adiantamento; Método salvar; Mysql Incorrect integer value: 'null' for column 'qtdparccelas' at row 1
16/07/2017 16:30:56 Classe Adiantamento; Método salvar; Mysql Incorrect integer value: 'null' for column 'qtdparccelas' at row 1
16/07/2017 16:32:35 Classe Desconto; Método salvarRelatorio - listar descontos Mysql 
16/07/2017 16:32:35 Classe Desconto; Método salvarRelatorio - inserir desconto; Mysql Field 'nomearquivo' doesn't have a default value
16/07/2017 23:42:25 Classe Adiantamento; Método salvar; Mysql Incorrect integer value: 'null' for column 'qtdparccelas' at row 1
17/07/2017 11:04:37 Classe Adiantamento; Método salvar; Mysql Incorrect integer value: 'null' for column 'qtdparccelas' at row 1
17/07/2017 11:07:39 Classe Adiantamento; Método salvar; Mysql Incorrect integer value: 'null' for column 'qtdparccelas' at row 1
17/07/2017 11:38:26 Classe Telemarketing; Método salvarCliente - INSERT TELEFONE AGENDA; Mysql Data too long for column 'numero' at row 2
17/07/2017 13:24:24 Classe Adiantamento; Método salvar; Mysql Column 'encerrado' cannot be null
17/07/2017 13:24:38 Classe Adiantamento; Método salvar; Mysql Column 'encerrado' cannot be null
17/07/2017 13:52:55 Classe Cliente; Método salvar; Mysql Duplicate entry '793.480.686-87' for key 'PRIMARY'
17/07/2017 13:52:57 Classe Cliente; Método salvar; Mysql Duplicate entry '793.480.686-87' for key 'PRIMARY'
17/07/2017 14:04:44 Classe Contrato; Método atualizar - atualizar contrato; Mysql You have an error in your SQL syntax; check the manual that corresponds to your MariaDB server version for the right syntax to use near ' valorparcela = 215.04,
            valortotal = 6429.27, valorliquido = 1668.4' at line 4
17/07/2017 14:10:20 Classe Cliente; Método salvar; Mysql Duplicate entry '305.049.290-20' for key 'PRIMARY'
17/07/2017 17:11:12 Classe Contrato; Método atualizar - atualizar contrato; Mysql You have an error in your SQL syntax; check the manual that corresponds to your MariaDB server version for the right syntax to use near ' valorparcela = 135,
            valortotal = 1800, valorliquido = 1800, percen' at line 4
17/07/2017 19:56:05 Classe Desconto; Método salvarRelatorio - listar descontos Mysql 
17/07/2017 20:00:38 Classe Desconto; Método salvarRelatorio - listar descontos Mysql 
18/07/2017 10:56:54 Classe Desconto; Método salvarRelatorio - listar descontos Mysql 
18/07/2017 11:00:02 Classe Desconto; Método salvarRelatorio - listar descontos Mysql 
18/07/2017 11:01:49 Classe Desconto; Método salvarRelatorio - listar descontos Mysql 
18/07/2017 11:02:29 Classe Desconto; Método salvarRelatorio - listar descontos Mysql 
18/07/2017 11:02:29 Classe Desconto; Método salvarRelatorio - inserir contratos; Mysql Duplicate entry '1306-2' for key 'contratos_id_UNIQUE'
18/07/2017 11:02:35 Classe Desconto; Método salvarRelatorio - listar descontos Mysql 
18/07/2017 11:02:35 Classe Desconto; Método salvarRelatorio - inserir contratos; Mysql Duplicate entry '1306-2' for key 'contratos_id_UNIQUE'
18/07/2017 11:02:44 Classe Desconto; Método salvarRelatorio - listar descontos Mysql 
18/07/2017 11:02:45 Classe Desconto; Método salvarRelatorio - inserir contratos; Mysql Duplicate entry '1306-2' for key 'contratos_id_UNIQUE'
18/07/2017 11:03:28 Classe Desconto; Método salvarRelatorio - listar descontos Mysql 
18/07/2017 11:03:28 Classe Desconto; Método salvarRelatorio - inserir contratos; Mysql Duplicate entry '1306-2' for key 'contratos_id_UNIQUE'
18/07/2017 11:03:56 Classe Desconto; Método salvarRelatorio - listar descontos Mysql 
18/07/2017 11:03:56 Classe Desconto; Método salvarRelatorio - inserir contratos; Mysql Duplicate entry '1306-2' for key 'contratos_id_UNIQUE'
18/07/2017 11:04:32 Classe Desconto; Método salvarRelatorio - listar descontos Mysql 
18/07/2017 11:04:32 Classe Desconto; Método salvarRelatorio - inserir contratos; Mysql Duplicate entry '1306-2' for key 'contratos_id_UNIQUE'
18/07/2017 11:05:26 Classe Desconto; Método salvarRelatorio - listar descontos Mysql 
18/07/2017 11:05:26 Classe Desconto; Método salvarRelatorio - inserir contratos; Mysql Duplicate entry '1306-2' for key 'contratos_id_UNIQUE'
18/07/2017 11:06:20 Classe Desconto; Método salvarRelatorio - listar descontos Mysql 
18/07/2017 11:07:21 Classe Desconto; Método salvarRelatorio - listar descontos Mysql 
18/07/2017 11:08:28 Classe Desconto; Método salvarRelatorio - listar descontos Mysql 
18/07/2017 11:08:52 Classe Desconto; Método salvarRelatorio - listar descontos Mysql 
18/07/2017 11:09:29 Classe Desconto; Método salvarRelatorio - listar descontos Mysql 
18/07/2017 11:09:29 Classe Desconto; Método salvarRelatorio - inserir contratos; Mysql Duplicate entry '1306-2' for key 'contratos_id_UNIQUE'
18/07/2017 11:10:42 Classe Desconto; Método salvarRelatorio - listar descontos Mysql 
18/07/2017 11:12:21 Classe Desconto; Método salvarRelatorio - listar descontos Mysql 
18/07/2017 11:13:24 Classe Desconto; Método salvarRelatorio - listar descontos Mysql 
18/07/2017 11:13:55 Classe Desconto; Método salvarRelatorio - listar descontos Mysql 
18/07/2017 11:14:52 Classe Desconto; Método salvarRelatorio - listar descontos Mysql 
18/07/2017 11:15:11 Classe Desconto; Método salvarRelatorio - listar descontos Mysql 
18/07/2017 11:15:53 Classe Desconto; Método salvarRelatorio - listar descontos Mysql 
18/07/2017 11:16:30 Classe Desconto; Método salvarRelatorio - listar descontos Mysql 
18/07/2017 11:16:48 Classe Desconto; Método salvarRelatorio - listar descontos Mysql 
18/07/2017 14:47:50 Classe Contrato; Método atualizar - atualizar contrato; Mysql You have an error in your SQL syntax; check the manual that corresponds to your MariaDB server version for the right syntax to use near ' valorparcela = 300,
            valortotal = 3500, valorliquido = 3500, percen' at line 4
18/07/2017 14:53:05 Classe Contrato; Método atualizar - atualizar contrato; Mysql You have an error in your SQL syntax; check the manual that corresponds to your MariaDB server version for the right syntax to use near ' valorparcela = 300,
            valortotal = 3000, valorliquido = 3000, percen' at line 4
19/07/2017 11:35:33 Classe Cliente; Método salvar; Mysql Duplicate entry '098.455.407-67' for key 'PRIMARY'
19/07/2017 11:35:33 Classe Cliente; Método salvar; Mysql Duplicate entry '098.455.407-67' for key 'PRIMARY'
19/07/2017 11:35:33 Classe Cliente; Método salvar; Mysql Duplicate entry '098.455.407-67' for key 'PRIMARY'
19/07/2017 11:35:33 Classe Cliente; Método salvar; Mysql Duplicate entry '098.455.407-67' for key 'PRIMARY'
19/07/2017 17:42:01 Classe Contrato; Método atualizar - atualizar contrato; Mysql You have an error in your SQL syntax; check the manual that corresponds to your MariaDB server version for the right syntax to use near ' valorparcela = 2262.75,
            valortotal = 60938.5, valorliquido = 11868' at line 4
20/07/2017 18:56:51 Classe Subtabelas; Método excluir - query subtabelas; Mysql Cannot delete or update a parent row: a foreign key constraint fails (`gauchacred`.`contratos`, CONSTRAINT `fk_contratos_subtabelas1` FOREIGN KEY (`subtabelas_id`) REFERENCES `subtabelas` (`id`) ON UPDATE CASCADE)
21/07/2017 11:38:01 Classe Cliente; Método salvar; Mysql Duplicate entry '120.682.598-77' for key 'PRIMARY'
21/07/2017 13:24:45 Classe Desconto; Método salvarRelatorio - listar descontos Mysql 
21/07/2017 13:27:56 Classe Desconto; Método salvarRelatorio - listar descontos Mysql 
21/07/2017 13:30:53 Classe Desconto; Método salvarRelatorio - listar descontos Mysql 
21/07/2017 15:10:39 Classe Cliente; Método salvar; Mysql Duplicate entry '009.037.870-91' for key 'PRIMARY'
